[2m2025-08-14T22:53:37.347722Z[0m [31mERROR[0m [2mglazewm[0m[2m:[0m keybindings[25].commands: unrecognized subcommand
 at line 263 column 15
[2m2025-08-14T23:02:14.600825Z[0m [31mERROR[0m [2mglazewm[0m[2m:[0m Command doesn't have an ending `"`: '"C:/Program Files/WezTerm/wezterm-gui.exe start --always-new-process'.
[2m2025-08-14T23:02:26.802155Z[0m [31mERROR[0m [2mglazewm[0m[2m:[0m Command doesn't have an ending `"`: '"C:/Program Files/WezTerm/wezterm-gui.exe start --always-new-process"'.
[2m2025-08-14T23:04:18.772107Z[0m [31mERROR[0m [2mglazewm[0m[2m:[0m Failed to execute '"C:/Program Files/WezTerm/wezterm-gui.exe" start --cwd "%USERPROFILE%" --always-new-process'.

Error: The operation was canceled by the user. (0x800704C7)
[2m2025-08-15T07:29:02.486107Z[0m [31mERROR[0m [2mglazewm[0m[2m:[0m keybindings[15].commands: unexpected argument found
 at line 221 column 15
[2m2025-08-15T07:29:30.375812Z[0m [31mERROR[0m [2mglazewm[0m[2m:[0m keybindings[15].commands: unexpected argument found
 at line 221 column 15
[2m2025-08-15T08:03:50.043448Z[0m [31mERROR[0m [2mglazewm[0m[2m:[0m binding_modes[0].keybindings[0].commands: invalid value for one of the arguments
 at line 161 column 19
[2m2025-08-15T08:03:56.850086Z[0m [31mERROR[0m [2mglazewm[0m[2m:[0m binding_modes[0].keybindings[0].commands: invalid value for one of the arguments
 at line 161 column 19
[2m2025-08-15T08:09:43.483225Z[0m [31mERROR[0m [2mglazewm[0m[2m:[0m binding_modes[0].keybindings[0].commands: unexpected argument found
 at line 161 column 19
[2m2025-08-15T18:15:01.331610Z[0m [31mERROR[0m [2mglazewm[0m[2m:[0m binding_modes[0].keybindings[0].commands: unexpected argument found
 at line 161 column 19
[2m2025-08-15T18:15:10.582876Z[0m [31mERROR[0m [2mglazewm[0m[2m:[0m binding_modes[0].keybindings[0].commands: unexpected argument found
 at line 161 column 19
[2m2025-08-15T19:00:30.941463Z[0m [31mERROR[0m [2mglazewm[0m[2m:[0m keybindings[13].commands: unrecognized subcommand
 at line 209 column 15
[2m2025-08-15T19:28:34.473852Z[0m [31mERROR[0m [2mglazewm[0m[2m:[0m keybindings[13].commands: unrecognized subcommand
 at line 209 column 15
[2m2025-08-15T19:28:55.511301Z[0m [31mERROR[0m [2mglazewm[0m[2m:[0m keybindings[13].commands: unrecognized subcommand
 at line 209 column 15
[2m2025-08-18T08:28:37.881321Z[0m [31mERROR[0m [2mglazewm[0m[2m:[0m keybindings[19].commands: unexpected argument found
 at line 236 column 15
[2m2025-08-18T10:18:43.507554Z[0m [31mERROR[0m [2mglazewm[0m[2m:[0m keybindings[19].commands: unexpected argument found
 at line 239 column 15
[2m2025-08-18T10:18:47.119494Z[0m [31mERROR[0m [2mglazewm[0m[2m:[0m keybindings[19].commands: unexpected argument found
 at line 239 column 15
